app/build/intermediates/manifest_merge_blame_file/release/processReleaseMainManifest/manifest-merger-blame-release-report.txt
1<?xml version="1.0" encoding="utf-8"?>
2<manifest xmlns:android="http://schemas.android.com/apk/res/android"
3    package="com.geinzz.geinzwork"
4    android:versionCode="26"
5    android:versionName="1.13.0" >
6
7    <uses-sdk
7-->src\main\AndroidManifest.xml:6:5-73
8        android:minSdkVersion="24"
9        android:targetSdkVersion="34" />
10
11    <uses-permission android:name="android.permission.INTERNET" />
11-->src\main\AndroidManifest.xml:8:5-67
11-->src\main\AndroidManifest.xml:8:22-64
12    <uses-permission android:name="android.permission.CALL_PHONE" />
12-->src\main\AndroidManifest.xml:9:5-69
12-->src\main\AndroidManifest.xml:9:22-66
13    <uses-permission android:name="android.permission.POST_NOTIFICATIONS" />
13-->src\main\AndroidManifest.xml:10:5-77
13-->src\main\AndroidManifest.xml:10:22-74
14    <uses-permission android:name="android.permission.WRITE_EXTERNAL_STORAGE" />
14-->src\main\AndroidManifest.xml:11:5-81
14-->src\main\AndroidManifest.xml:11:22-78
15    <uses-permission android:name="android.permission.READ_EXTERNAL_STORAGE" />
15-->src\main\AndroidManifest.xml:12:5-80
15-->src\main\AndroidManifest.xml:12:22-77
16    <uses-permission android:name="android.permission.ACCESS_NETWORK_STATE" />
16-->src\main\AndroidManifest.xml:13:5-79
16-->src\main\AndroidManifest.xml:13:22-76
17    <uses-permission android:name="android.permission.ACCESS_FINE_LOCATION" />
17-->src\main\AndroidManifest.xml:14:5-16:45
17-->src\main\AndroidManifest.xml:15:9-63
18    <uses-permission android:name="android.permission.ACCESS_COARSE_LOCATION" />
18-->src\main\AndroidManifest.xml:17:5-81
18-->src\main\AndroidManifest.xml:17:22-78
19
20    <uses-feature
20-->src\main\AndroidManifest.xml:19:5-21:36
21        android:name="android.hardware.touchscreen"
21-->src\main\AndroidManifest.xml:20:9-52
22        android:required="false" />
22-->src\main\AndroidManifest.xml:21:9-33
23    <uses-feature
23-->src\main\AndroidManifest.xml:22:5-24:36
24        android:name="android.software.leanback"
24-->src\main\AndroidManifest.xml:23:9-49
25        android:required="false" />
25-->src\main\AndroidManifest.xml:24:9-33
26    <uses-feature
26-->src\main\AndroidManifest.xml:25:5-27:36
27        android:name="android.hardware.telephony"
27-->src\main\AndroidManifest.xml:26:9-50
28        android:required="false" />
28-->src\main\AndroidManifest.xml:27:9-33
29
30    <uses-permission android:name="android.permission.WAKE_LOCK" /> <!-- Required by older versions of Google Play services to create IID tokens -->
30-->[com.google.firebase:firebase-messaging:23.4.1] AndroidManifest.xml:24:5-68
30-->[com.google.firebase:firebase-messaging:23.4.1] AndroidManifest.xml:24:22-65
31    <uses-permission android:name="com.google.android.c2dm.permission.RECEIVE" />
31-->[com.google.firebase:firebase-messaging:23.4.1] AndroidManifest.xml:26:5-82
31-->[com.google.firebase:firebase-messaging:23.4.1] AndroidManifest.xml:26:22-79
32    <uses-permission android:name="com.google.android.gms.permission.AD_ID" />
32-->[com.google.android.gms:play-services-measurement-api:21.6.1] AndroidManifest.xml:25:5-79
32-->[com.google.android.gms:play-services-measurement-api:21.6.1] AndroidManifest.xml:25:22-76
33    <uses-permission android:name="android.permission.ACCESS_ADSERVICES_ATTRIBUTION" />
33-->[com.google.android.gms:play-services-measurement-api:21.6.1] AndroidManifest.xml:26:5-88
33-->[com.google.android.gms:play-services-measurement-api:21.6.1] AndroidManifest.xml:26:22-85
34    <uses-permission android:name="android.permission.ACCESS_ADSERVICES_AD_ID" />
34-->[com.google.android.gms:play-services-measurement-api:21.6.1] AndroidManifest.xml:27:5-82
34-->[com.google.android.gms:play-services-measurement-api:21.6.1] AndroidManifest.xml:27:22-79
35    <uses-permission android:name="com.google.android.providers.gsf.permission.READ_GSERVICES" />
35-->[com.google.android.recaptcha:recaptcha:18.4.0] AndroidManifest.xml:9:5-98
35-->[com.google.android.recaptcha:recaptcha:18.4.0] AndroidManifest.xml:9:22-95
36    <uses-permission android:name="com.google.android.finsky.permission.BIND_GET_INSTALL_REFERRER_SERVICE" />
36-->[com.google.android.gms:play-services-measurement:21.6.1] AndroidManifest.xml:26:5-110
36-->[com.google.android.gms:play-services-measurement:21.6.1] AndroidManifest.xml:26:22-107
37
38    <permission
38-->[androidx.core:core:1.13.0] AndroidManifest.xml:22:5-24:47
39        android:name="com.geinzz.geinzwork.DYNAMIC_RECEIVER_NOT_EXPORTED_PERMISSION"
39-->[androidx.core:core:1.13.0] AndroidManifest.xml:23:9-81
40        android:protectionLevel="signature" />
40-->[androidx.core:core:1.13.0] AndroidManifest.xml:24:9-44
41
42    <uses-permission android:name="com.geinzz.geinzwork.DYNAMIC_RECEIVER_NOT_EXPORTED_PERMISSION" />
42-->[androidx.core:core:1.13.0] AndroidManifest.xml:26:5-97
42-->[androidx.core:core:1.13.0] AndroidManifest.xml:26:22-94
43    <uses-permission android:name="android.permission.CAMERA" /> <!-- Don't require camera, as this requires a rear camera. This allows it to work on the Nexus 7 -->
43-->[com.journeyapps:zxing-android-embedded:4.3.0] AndroidManifest.xml:22:5-65
43-->[com.journeyapps:zxing-android-embedded:4.3.0] AndroidManifest.xml:22:22-62
44    <uses-feature
44-->[com.journeyapps:zxing-android-embedded:4.3.0] AndroidManifest.xml:25:5-27:36
45        android:name="android.hardware.camera"
45-->[com.journeyapps:zxing-android-embedded:4.3.0] AndroidManifest.xml:26:9-47
46        android:required="false" />
46-->[com.journeyapps:zxing-android-embedded:4.3.0] AndroidManifest.xml:27:9-33
47    <uses-feature
47-->[com.journeyapps:zxing-android-embedded:4.3.0] AndroidManifest.xml:28:5-30:36
48        android:name="android.hardware.camera.front"
48-->[com.journeyapps:zxing-android-embedded:4.3.0] AndroidManifest.xml:29:9-53
49        android:required="false" /> <!-- TODO replace above two with next line after Android 4.2 -->
49-->[com.journeyapps:zxing-android-embedded:4.3.0] AndroidManifest.xml:30:9-33
50    <!-- <uses-feature android:name="android.hardware.camera.any"/> -->
51    <uses-feature
51-->[com.journeyapps:zxing-android-embedded:4.3.0] AndroidManifest.xml:33:5-35:36
52        android:name="android.hardware.camera.autofocus"
52-->[com.journeyapps:zxing-android-embedded:4.3.0] AndroidManifest.xml:34:9-57
53        android:required="false" />
53-->[com.journeyapps:zxing-android-embedded:4.3.0] AndroidManifest.xml:35:9-33
54    <uses-feature
54-->[com.journeyapps:zxing-android-embedded:4.3.0] AndroidManifest.xml:36:5-38:36
55        android:name="android.hardware.camera.flash"
55-->[com.journeyapps:zxing-android-embedded:4.3.0] AndroidManifest.xml:37:9-53
56        android:required="false" />
56-->[com.journeyapps:zxing-android-embedded:4.3.0] AndroidManifest.xml:38:9-33
57    <uses-feature
57-->[com.journeyapps:zxing-android-embedded:4.3.0] AndroidManifest.xml:39:5-41:36
58        android:name="android.hardware.screen.landscape"
58-->[com.journeyapps:zxing-android-embedded:4.3.0] AndroidManifest.xml:40:9-57
59        android:required="false" />
59-->[com.journeyapps:zxing-android-embedded:4.3.0] AndroidManifest.xml:41:9-33
60    <uses-feature
60-->[com.journeyapps:zxing-android-embedded:4.3.0] AndroidManifest.xml:42:5-44:36
61        android:name="android.hardware.wifi"
61-->[com.journeyapps:zxing-android-embedded:4.3.0] AndroidManifest.xml:43:9-45
62        android:required="false" />
62-->[com.journeyapps:zxing-android-embedded:4.3.0] AndroidManifest.xml:44:9-33
63
64    <application
64-->src\main\AndroidManifest.xml:29:5-365:19
65        android:allowBackup="true"
65-->src\main\AndroidManifest.xml:30:9-35
66        android:appComponentFactory="androidx.core.app.CoreComponentFactory"
66-->[androidx.core:core:1.13.0] AndroidManifest.xml:28:18-86
67        android:dataExtractionRules="@xml/data_extraction_rules"
67-->src\main\AndroidManifest.xml:31:9-65
68        android:extractNativeLibs="false"
69        android:fullBackupContent="@xml/backup_rules"
69-->src\main\AndroidManifest.xml:32:9-54
70        android:icon="@mipmap/ic_launcher"
70-->src\main\AndroidManifest.xml:33:9-43
71        android:label="@string/app_name"
71-->src\main\AndroidManifest.xml:34:9-41
72        android:roundIcon="@mipmap/ic_launcher_round"
72-->src\main\AndroidManifest.xml:35:9-54
73        android:supportsRtl="true"
73-->src\main\AndroidManifest.xml:36:9-35
74        android:theme="@style/Theme.GeinzWork" >
74-->src\main\AndroidManifest.xml:37:9-47
75        <activity
75-->src\main\AndroidManifest.xml:39:9-41:40
76            android:name="com.example.geinzwork.publicaciones_trabajadores.mostrarTodosTrabajos"
76-->src\main\AndroidManifest.xml:40:13-97
77            android:exported="false" />
77-->src\main\AndroidManifest.xml:41:13-37
78        <activity
78-->src\main\AndroidManifest.xml:42:9-44:40
79            android:name="com.example.geinzwork.crea_tu_noticia"
79-->src\main\AndroidManifest.xml:43:13-65
80            android:exported="false" />
80-->src\main\AndroidManifest.xml:44:13-37
81        <activity
81-->src\main\AndroidManifest.xml:45:9-47:40
82            android:name="com.example.geinzwork.vistaTrabajador.ver_promociones"
82-->src\main\AndroidManifest.xml:46:13-81
83            android:exported="false" />
83-->src\main\AndroidManifest.xml:47:13-37
84        <activity
84-->src\main\AndroidManifest.xml:48:9-50:40
85            android:name="com.geinzz.geinzwork.servicios_geinz.publicidad_servicios_geinz_activity"
85-->src\main\AndroidManifest.xml:49:13-80
86            android:exported="false" />
86-->src\main\AndroidManifest.xml:50:13-37
87        <activity
87-->src\main\AndroidManifest.xml:51:9-53:40
88            android:name="com.geinzz.geinzwork.servicios_geinz.noticias_servicios_geinz_activity"
88-->src\main\AndroidManifest.xml:52:13-78
89            android:exported="false" />
89-->src\main\AndroidManifest.xml:53:13-37
90        <activity
90-->src\main\AndroidManifest.xml:54:9-56:40
91            android:name="com.example.geinzwork.oferta_principales_geinz"
91-->src\main\AndroidManifest.xml:55:13-74
92            android:exported="false" />
92-->src\main\AndroidManifest.xml:56:13-37
93        <activity
93-->src\main\AndroidManifest.xml:57:9-59:40
94            android:name="com.example.geinzwork.vistaTiendas.agregarPagoComprareservaTiendas"
94-->src\main\AndroidManifest.xml:58:13-94
95            android:exported="false" />
95-->src\main\AndroidManifest.xml:59:13-37
96        <activity
96-->src\main\AndroidManifest.xml:60:9-62:40
97            android:name="com.geinzz.geinzwork.vistaTiendas.direccion_entrega_lat_log"
97-->src\main\AndroidManifest.xml:61:13-67
98            android:exported="false" />
98-->src\main\AndroidManifest.xml:62:13-37
99        <activity
99-->src\main\AndroidManifest.xml:63:9-71:20
100            android:name="com.geinzz.geinzwork.vistaTrabajador.promocionesvista"
100-->src\main\AndroidManifest.xml:64:13-61
101            android:exported="true" >
101-->src\main\AndroidManifest.xml:65:13-36
102            <intent-filter>
102-->src\main\AndroidManifest.xml:66:13-70:29
103                <action android:name="PROMO_SUGERIDAS" />
103-->src\main\AndroidManifest.xml:67:17-58
103-->src\main\AndroidManifest.xml:67:25-55
104
105                <category android:name="android.intent.category.DEFAULT" />
105-->src\main\AndroidManifest.xml:69:17-76
105-->src\main\AndroidManifest.xml:69:27-73
106            </intent-filter>
107        </activity>
108        <activity
108-->src\main\AndroidManifest.xml:72:9-74:40
109            android:name="com.geinzz.geinzwork.vistaTiendas.tienda_no_lanzada_spasl"
109-->src\main\AndroidManifest.xml:73:13-65
110            android:exported="false" />
110-->src\main\AndroidManifest.xml:74:13-37
111        <activity
111-->src\main\AndroidManifest.xml:75:9-77:40
112            android:name="com.geinzz.geinzwork.problemas_soporte_politicas.politicas_creacion_cuenta"
112-->src\main\AndroidManifest.xml:76:13-82
113            android:exported="false" />
113-->src\main\AndroidManifest.xml:77:13-37
114        <activity
114-->src\main\AndroidManifest.xml:78:9-80:40
115            android:name="com.geinzz.geinzwork.servicios_geinz.planes_noticias_servicios_geinz"
115-->src\main\AndroidManifest.xml:79:13-76
116            android:exported="false" />
116-->src\main\AndroidManifest.xml:80:13-37
117        <activity
117-->src\main\AndroidManifest.xml:81:9-83:40
118            android:name="com.geinzz.geinzwork.servicios_geinz.cambiar_imagenes_publicidad_noticias_servicios"
118-->src\main\AndroidManifest.xml:82:13-91
119            android:exported="false" />
119-->src\main\AndroidManifest.xml:83:13-37
120        <activity
120-->src\main\AndroidManifest.xml:84:9-93:20
121            android:name="com.geinzz.geinzwork.servicios_geinz.serviciosGeinz"
121-->src\main\AndroidManifest.xml:85:13-59
122            android:exported="true"
122-->src\main\AndroidManifest.xml:86:13-36
123            android:windowSoftInputMode="adjustPan" >
123-->src\main\AndroidManifest.xml:87:13-52
124            <intent-filter>
124-->src\main\AndroidManifest.xml:88:13-92:29
125                <action android:name="SERVICIOS" />
125-->src\main\AndroidManifest.xml:89:17-52
125-->src\main\AndroidManifest.xml:89:25-49
126
127                <category android:name="android.intent.category.DEFAULT" />
127-->src\main\AndroidManifest.xml:69:17-76
127-->src\main\AndroidManifest.xml:69:27-73
128            </intent-filter>
129        </activity>
130        <activity
130-->src\main\AndroidManifest.xml:94:9-102:20
131            android:name="com.geinzz.geinzwork.problemas_soporte_politicas.reportes_users"
131-->src\main\AndroidManifest.xml:95:13-71
132            android:exported="true" >
132-->src\main\AndroidManifest.xml:96:13-36
133            <intent-filter>
133-->src\main\AndroidManifest.xml:97:13-101:29
134                <action android:name="REPORTE" />
134-->src\main\AndroidManifest.xml:98:17-50
134-->src\main\AndroidManifest.xml:98:25-47
135
136                <category android:name="android.intent.category.DEFAULT" />
136-->src\main\AndroidManifest.xml:69:17-76
136-->src\main\AndroidManifest.xml:69:27-73
137            </intent-filter>
138        </activity>
139        <activity
139-->src\main\AndroidManifest.xml:103:9-105:40
140            android:name="com.geinzz.geinzwork.GenerarQR_trabajador"
140-->src\main\AndroidManifest.xml:104:13-49
141            android:exported="false" />
141-->src\main\AndroidManifest.xml:105:13-37
142        <activity
142-->src\main\AndroidManifest.xml:106:9-108:40
143            android:name="com.geinzz.geinzwork.publicaciones_trabajadores.agregar_redes"
143-->src\main\AndroidManifest.xml:107:13-69
144            android:exported="false" />
144-->src\main\AndroidManifest.xml:108:13-37
145        <activity
145-->src\main\AndroidManifest.xml:109:9-111:40
146            android:name="com.geinzz.geinzwork.publicaciones_trabajadores.voleta_estado_verificacion"
146-->src\main\AndroidManifest.xml:110:13-82
147            android:exported="false" />
147-->src\main\AndroidManifest.xml:111:13-37
148        <activity
148-->src\main\AndroidManifest.xml:112:9-114:40
149            android:name="com.geinzz.geinzwork.publicaciones_trabajadores.editar_publicaciones"
149-->src\main\AndroidManifest.xml:113:13-76
150            android:exported="false" />
150-->src\main\AndroidManifest.xml:114:13-37
151        <activity
151-->src\main\AndroidManifest.xml:115:9-117:40
152            android:name="com.geinzz.geinzwork.ver_publicaciones"
152-->src\main\AndroidManifest.xml:116:13-46
153            android:exported="false" />
153-->src\main\AndroidManifest.xml:117:13-37
154        <activity
154-->src\main\AndroidManifest.xml:118:9-120:55
155            android:name="com.geinzz.geinzwork.crear_trabajos_realizados"
155-->src\main\AndroidManifest.xml:119:13-54
156            android:windowSoftInputMode="adjustPan" />
156-->src\main\AndroidManifest.xml:120:13-52
157        <activity
157-->src\main\AndroidManifest.xml:121:9-123:40
158            android:name="com.geinzz.geinzwork.problemas_soporte_politicas.new_trabajo"
158-->src\main\AndroidManifest.xml:122:13-68
159            android:exported="false" />
159-->src\main\AndroidManifest.xml:123:13-37
160        <activity
160-->src\main\AndroidManifest.xml:124:9-126:40
161            android:name="com.geinzz.geinzwork.problemas_soporte_politicas.veneficios_verificados"
161-->src\main\AndroidManifest.xml:125:13-79
162            android:exported="false" />
162-->src\main\AndroidManifest.xml:126:13-37
163        <activity
163-->src\main\AndroidManifest.xml:127:9-129:40
164            android:name="com.geinzz.geinzwork.problemas_soporte_politicas.politicas_verificacion"
164-->src\main\AndroidManifest.xml:128:13-79
165            android:exported="false" />
165-->src\main\AndroidManifest.xml:129:13-37
166        <activity
166-->src\main\AndroidManifest.xml:130:9-132:40
167            android:name="com.geinzz.geinzwork.problemas_soporte_politicas.verificacion_cuenta_trabajador"
167-->src\main\AndroidManifest.xml:131:13-87
168            android:exported="false" />
168-->src\main\AndroidManifest.xml:132:13-37
169        <activity
169-->src\main\AndroidManifest.xml:133:9-135:40
170            android:name="com.geinzz.geinzwork.quinta"
170-->src\main\AndroidManifest.xml:134:13-35
171            android:exported="false" />
171-->src\main\AndroidManifest.xml:135:13-37
172        <activity
172-->src\main\AndroidManifest.xml:136:9-138:40
173            android:name="com.geinzz.geinzwork.problemas_soporte_politicas.politicas_geinz"
173-->src\main\AndroidManifest.xml:137:13-72
174            android:exported="false" />
174-->src\main\AndroidManifest.xml:138:13-37
175        <activity
175-->src\main\AndroidManifest.xml:139:9-142:55
176            android:name="com.geinzz.geinzwork.problemas_soporte_politicas.probleas_usuarios_formulario"
176-->src\main\AndroidManifest.xml:140:13-85
177            android:exported="false"
177-->src\main\AndroidManifest.xml:141:13-37
178            android:windowSoftInputMode="adjustPan" />
178-->src\main\AndroidManifest.xml:142:13-52
179        <activity
179-->src\main\AndroidManifest.xml:143:9-145:40
180            android:name="com.geinzz.geinzwork.cuarto"
180-->src\main\AndroidManifest.xml:144:13-35
181            android:exported="false" />
181-->src\main\AndroidManifest.xml:145:13-37
182        <activity
182-->src\main\AndroidManifest.xml:146:9-148:40
183            android:name="com.geinzz.geinzwork.tercero"
183-->src\main\AndroidManifest.xml:147:13-36
184            android:exported="false" />
184-->src\main\AndroidManifest.xml:148:13-37
185        <activity
185-->src\main\AndroidManifest.xml:149:9-151:40
186            android:name="com.geinzz.geinzwork.vistaTiendas.ver_mas_servicios"
186-->src\main\AndroidManifest.xml:150:13-59
187            android:exported="false" />
187-->src\main\AndroidManifest.xml:151:13-37
188        <activity
188-->src\main\AndroidManifest.xml:152:9-154:40
189            android:name="com.geinzz.geinzwork.recuperarContra"
189-->src\main\AndroidManifest.xml:153:13-44
190            android:exported="false" />
190-->src\main\AndroidManifest.xml:154:13-37
191        <activity
191-->src\main\AndroidManifest.xml:155:9-163:20
192            android:name="com.geinzz.geinzwork.vistaTiendas.verServicios"
192-->src\main\AndroidManifest.xml:156:13-54
193            android:exported="true" >
193-->src\main\AndroidManifest.xml:157:13-36
194            <intent-filter>
194-->src\main\AndroidManifest.xml:158:13-162:29
195                <action android:name="SERVICIOS_TIENDAS" />
195-->src\main\AndroidManifest.xml:159:17-60
195-->src\main\AndroidManifest.xml:159:25-57
196
197                <category android:name="android.intent.category.DEFAULT" />
197-->src\main\AndroidManifest.xml:69:17-76
197-->src\main\AndroidManifest.xml:69:27-73
198            </intent-filter>
199        </activity>
200        <activity
200-->src\main\AndroidManifest.xml:164:9-166:40
201            android:name="com.geinzz.geinzwork.vistaTiendas.generarQRPedidoArticulos"
201-->src\main\AndroidManifest.xml:165:13-66
202            android:exported="false" />
202-->src\main\AndroidManifest.xml:166:13-37
203        <activity
203-->src\main\AndroidManifest.xml:167:9-169:40
204            android:name="com.geinzz.geinzwork.vistaTiendas.historialCompras"
204-->src\main\AndroidManifest.xml:168:13-58
205            android:exported="false" />
205-->src\main\AndroidManifest.xml:169:13-37
206        <activity
206-->src\main\AndroidManifest.xml:170:9-172:40
207            android:name="com.geinzz.geinzwork.vistaTiendas.carrito_compras"
207-->src\main\AndroidManifest.xml:171:13-57
208            android:exported="false" />
208-->src\main\AndroidManifest.xml:172:13-37
209        <activity
209-->src\main\AndroidManifest.xml:173:9-175:40
210            android:name="com.geinzz.geinzwork.vistaTiendas.NoticiasYofertasFiltrado"
210-->src\main\AndroidManifest.xml:174:13-66
211            android:exported="false" />
211-->src\main\AndroidManifest.xml:175:13-37
212        <activity
212-->src\main\AndroidManifest.xml:176:9-178:40
213            android:name="com.geinzz.geinzwork.confirmacionCompraTienda.confirmacion_de_compra_tienda"
213-->src\main\AndroidManifest.xml:177:13-83
214            android:exported="false" />
214-->src\main\AndroidManifest.xml:178:13-37
215        <activity
215-->src\main\AndroidManifest.xml:179:9-181:40
216            android:name="com.geinzz.geinzwork.vistasPubliciadesGeinz.crear_cuenta_Tienda"
216-->src\main\AndroidManifest.xml:180:13-71
217            android:exported="false" />
217-->src\main\AndroidManifest.xml:181:13-37
218        <activity
218-->src\main\AndroidManifest.xml:182:9-184:40
219            android:name="com.geinzz.geinzwork.vistasPubliciadesGeinz.noticiasGeinzpb"
219-->src\main\AndroidManifest.xml:183:13-67
220            android:exported="false" />
220-->src\main\AndroidManifest.xml:184:13-37
221        <activity
221-->src\main\AndroidManifest.xml:185:9-187:40
222            android:name="com.geinzz.geinzwork.vistasPubliciadesGeinz.PromocionaTuMarca"
222-->src\main\AndroidManifest.xml:186:13-69
223            android:exported="false" />
223-->src\main\AndroidManifest.xml:187:13-37
224        <activity
224-->src\main\AndroidManifest.xml:188:9-190:40
225            android:name="com.geinzz.geinzwork.vistaTiendas.TodasPromocionesSugeridasFiltrado"
225-->src\main\AndroidManifest.xml:189:13-75
226            android:exported="false" />
226-->src\main\AndroidManifest.xml:190:13-37
227        <activity
227-->src\main\AndroidManifest.xml:191:9-193:40
228            android:name="com.geinzz.geinzwork.vistaTiendas.vistaRecicleProductos"
228-->src\main\AndroidManifest.xml:192:13-63
229            android:exported="false" />
229-->src\main\AndroidManifest.xml:193:13-37
230
231        <provider
232            android:name="androidx.core.content.FileProvider"
232-->src\main\AndroidManifest.xml:196:13-62
233            android:authorities="com.geinzz.geinzwork.fileprovider"
233-->src\main\AndroidManifest.xml:197:13-64
234            android:exported="false"
234-->src\main\AndroidManifest.xml:198:13-37
235            android:grantUriPermissions="true" >
235-->src\main\AndroidManifest.xml:199:13-47
236            <meta-data
236-->src\main\AndroidManifest.xml:200:13-202:54
237                android:name="android.support.FILE_PROVIDER_PATHS"
237-->src\main\AndroidManifest.xml:201:17-67
238                android:resource="@xml/file_paths" />
238-->src\main\AndroidManifest.xml:202:17-51
239        </provider>
240
241        <activity
241-->src\main\AndroidManifest.xml:205:9-213:20
242            android:name="com.geinzz.geinzwork.vistaTiendas.vistaProductosGeneralTiendas"
242-->src\main\AndroidManifest.xml:206:13-70
243            android:exported="true" >
243-->src\main\AndroidManifest.xml:207:13-36
244            <intent-filter>
244-->src\main\AndroidManifest.xml:208:13-212:29
245                <action android:name="PRODUCTOS_PRINCIPALES" />
245-->src\main\AndroidManifest.xml:209:17-64
245-->src\main\AndroidManifest.xml:209:25-61
246
247                <category android:name="android.intent.category.DEFAULT" />
247-->src\main\AndroidManifest.xml:69:17-76
247-->src\main\AndroidManifest.xml:69:27-73
248            </intent-filter>
249        </activity>
250        <activity
250-->src\main\AndroidManifest.xml:214:9-216:40
251            android:name="com.geinzz.geinzwork.vistaTiendas.Vista_mostrarTodos_Tiendas"
251-->src\main\AndroidManifest.xml:215:13-68
252            android:exported="false" />
252-->src\main\AndroidManifest.xml:216:13-37
253        <activity
253-->src\main\AndroidManifest.xml:217:9-219:40
254            android:name="com.geinzz.geinzwork.vistaTiendas.TiendasGenerales"
254-->src\main\AndroidManifest.xml:218:13-58
255            android:exported="false" />
255-->src\main\AndroidManifest.xml:219:13-37
256        <activity
256-->src\main\AndroidManifest.xml:220:9-222:40
257            android:name="com.geinzz.geinzwork.vistaTiendas.Ver_mas_anuncios_tiendas"
257-->src\main\AndroidManifest.xml:221:13-66
258            android:exported="false" />
258-->src\main\AndroidManifest.xml:222:13-37
259        <activity
259-->src\main\AndroidManifest.xml:223:9-225:40
260            android:name="com.geinzz.geinzwork.vistaTiendas.Agregar_Ver_Review"
260-->src\main\AndroidManifest.xml:224:13-60
261            android:exported="false" />
261-->src\main\AndroidManifest.xml:225:13-37
262        <activity
262-->src\main\AndroidManifest.xml:226:9-234:20
263            android:name="com.geinzz.geinzwork.vistaTiendas.VistaTienda"
263-->src\main\AndroidManifest.xml:227:13-53
264            android:exported="true" >
264-->src\main\AndroidManifest.xml:228:13-36
265            <intent-filter>
265-->src\main\AndroidManifest.xml:229:13-233:29
266                <action android:name="VISTA_TIENDA" />
266-->src\main\AndroidManifest.xml:230:17-55
266-->src\main\AndroidManifest.xml:230:25-52
267
268                <category android:name="android.intent.category.DEFAULT" />
268-->src\main\AndroidManifest.xml:69:17-76
268-->src\main\AndroidManifest.xml:69:27-73
269            </intent-filter>
270        </activity>
271        <activity
271-->src\main\AndroidManifest.xml:235:9-237:40
272            android:name="com.geinzz.geinzwork.noticias_y_review"
272-->src\main\AndroidManifest.xml:236:13-46
273            android:exported="false" />
273-->src\main\AndroidManifest.xml:237:13-37
274        <activity
274-->src\main\AndroidManifest.xml:238:9-246:20
275            android:name="com.geinzz.geinzwork.vistaTrabajador.ver_detalles_Promociones"
275-->src\main\AndroidManifest.xml:239:13-69
276            android:exported="true" >
276-->src\main\AndroidManifest.xml:240:13-36
277            <intent-filter>
277-->src\main\AndroidManifest.xml:241:13-245:29
278                <action android:name="SUBIDA_NOTICIAS" />
278-->src\main\AndroidManifest.xml:242:17-58
278-->src\main\AndroidManifest.xml:242:25-55
279
280                <category android:name="android.intent.category.DEFAULT" />
280-->src\main\AndroidManifest.xml:69:17-76
280-->src\main\AndroidManifest.xml:69:27-73
281            </intent-filter>
282        </activity>
283        <activity
283-->src\main\AndroidManifest.xml:247:9-249:40
284            android:name="com.geinzz.geinzwork.EditarReview"
284-->src\main\AndroidManifest.xml:248:13-41
285            android:exported="false" />
285-->src\main\AndroidManifest.xml:249:13-37
286        <activity
286-->src\main\AndroidManifest.xml:250:9-252:40
287            android:name="com.geinzz.geinzwork.FuncionalidadGeinz.Cuenta_Info"
287-->src\main\AndroidManifest.xml:251:13-59
288            android:exported="false" />
288-->src\main\AndroidManifest.xml:252:13-37
289        <activity
289-->src\main\AndroidManifest.xml:253:9-255:40
290            android:name="com.geinzz.geinzwork.FuncionalidadGeinz.Categorias_info"
290-->src\main\AndroidManifest.xml:254:13-63
291            android:exported="false" />
291-->src\main\AndroidManifest.xml:255:13-37
292        <activity
292-->src\main\AndroidManifest.xml:256:9-258:40
293            android:name="com.geinzz.geinzwork.FuncionalidadGeinz.Noticias_Info"
293-->src\main\AndroidManifest.xml:257:13-61
294            android:exported="false" />
294-->src\main\AndroidManifest.xml:258:13-37
295        <activity
295-->src\main\AndroidManifest.xml:259:9-261:40
296            android:name="com.geinzz.geinzwork.FuncionalidadGeinz.Inicio_info"
296-->src\main\AndroidManifest.xml:260:13-59
297            android:exported="false" />
297-->src\main\AndroidManifest.xml:261:13-37
298        <activity
298-->src\main\AndroidManifest.xml:262:9-264:40
299            android:name="com.geinzz.geinzwork.FuncionalidadGeinz.comoUsar"
299-->src\main\AndroidManifest.xml:263:13-56
300            android:exported="false" />
300-->src\main\AndroidManifest.xml:264:13-37
301        <activity
301-->src\main\AndroidManifest.xml:265:9-267:40
302            android:name="com.geinzz.geinzwork.planes"
302-->src\main\AndroidManifest.xml:266:13-35
303            android:exported="false" />
303-->src\main\AndroidManifest.xml:267:13-37
304        <activity
304-->src\main\AndroidManifest.xml:268:9-270:40
305            android:name="com.geinzz.geinzwork.Crea_tu_publicidad"
305-->src\main\AndroidManifest.xml:269:13-47
306            android:exported="false" />
306-->src\main\AndroidManifest.xml:270:13-37
307        <activity
307-->src\main\AndroidManifest.xml:271:9-273:40
308            android:name="com.geinzz.geinzwork.Nosotros"
308-->src\main\AndroidManifest.xml:272:13-37
309            android:exported="false" />
309-->src\main\AndroidManifest.xml:273:13-37
310        <activity
310-->src\main\AndroidManifest.xml:274:9-276:40
311            android:name="com.geinzz.geinzwork.vistas_anuncios_general"
311-->src\main\AndroidManifest.xml:275:13-52